[5:41 PM] Hung Nguyen Viet (Khoi CNTT)
[OCR-Controller]:[12] [2020-09-08 16:04:29 +0700]-[ERROR]-[rotate.py:28]-tesseract is not installed or it's not in your PATH. See README file for more information.
[OCR-Controller]:[12] [2020-09-08 16:04:29 +0700]-[INFO]-[controller.py:215]-Done alignment of page 1
[OCR-Controller]:[12][2020-09-08 16:04:37 +0700]-[INFO]-[controller.py:247]-Addtional rotation at 0.35095324255015753 degree
[OCR-Controller]:[12] [2020-09-08 16:04:37 +0700]-[INFO]-[controller.py:267]-Done linecut and alignment of page 1, start go parallel ocr
[k8suser@ai-installsrv01 coreocr]$ kubectl logs controller-ocr-6d5cf446dc-nwmwk app -n coreocr-dev -f /usr/local/lib/python3.7/site-packages/fuzzywuzzy/fuzz.py:11: UserWarning: Using slow pure-python SequenceMatcher. Install python-Levenshtein to remove this warning warnings.warn('Using slow pure-python SequenceMatcher. Install python-Levenshtein to remove this warning') 
[mlchain-logger]:[6] [2020-09-08 16:04:46 +0700]-[WARNING]-[__init__.py:3]-mlchain.storage is deprecated and will be remove in the next version. Please use mlchain_extension.storage instead /usr/local/lib/python3.7/site-packages/mlchain/config.py:142:  YAMLLoadWarning: calling yaml.load() without Loader=... is deprecated, as the default Loader is unsafe. Please read https://msg.pyyaml.org/load for full details.   return yaml.load(open(path)) 
[2020-09-08 16:04:46 +0700] [6] [INFO] Starting gunicorn 20.0.4 
[2020-09-08 16:04:46 +0700] [6] [INFO] Listening at: unix:/tmp/gunicorn.sock,http://0.0.0.0:8005 (6) 
[2020-09-08 16:04:46 +0700] [6] [INFO] Using worker: uvicorn.workers.UvicornWorker 
[2020-09-08 16:04:46 +0700] [12] [INFO] Booting worker with pid: 12 [mlchain-logger]:[12] 
[2020-09-08 16:04:47 +0700]-[WARNING]-[__init__.py:10]-mlchain.client.Client is deprecated and will be remove in the next version. Please use mlchain.client.HttpModel instead 
[mlchain-logger]:[12] [2020-09-08 16:04:47 +0700]-[INFO]-[http_client.py:29]-Connected to server craft-ocr: {'output': 'pong', 'time': 0.0, 'api_version': '0.1', 'mlchain_version': '0.1.4'} 
[mlchain-logger]:[12] [2020-09-08 16:04:47 +0700]-[WARNING]-[__init__.py:32]-function .model is deprecated and will be remove in the next version
[mlchain-logger]:[12] [2020-09-08 16:04:47 +0700]-[INFO]-[http_client.py:29]-Connected to server craft-ocr: {'output': 'pong', 'time': 0.0, 'api_version': '0.1', 'mlchain_version': '0.1.4'} 
[mlchain-logger]:[12] [2020-09-08 16:04:47 +0700]-[WARNING]-[__init__.py:10]-mlchain.client.Client is deprecated and will be remove in the next version. 
Please use mlchain.client.HttpModel instead [mlchain-logger]:[12]
[2020-09-08 16:04:47 +0700]-[INFO]-[http_client.py:29]-Connected to server aru-layout.coreocr-dev: {'output': 'pong', 'time': 0.0, 'api_version': '0.1', 'mlchain_version': '0.1.4'}
[mlchain-logger]:[12] [2020-09-08 16:04:47 +0700]-[WARNING]-[__init__.py:32]-function .model is deprecated and will be remove in the next version
[mlchain-logger]:[12] [2020-09-08 16:04:47 +0700]-[INFO]-[http_client.py:29]-Connected to server aru-layout.coreocr-dev: {'output': 'pong', 'time': 0.0, 'api_version': '0.1', 'mlchain_version': '0.1.4'}
[mlchain-logger]:[12] [2020-09-08 16:04:47 +0700]-[WARNING]-[__init__.py:10]-mlchain.client.Client is deprecated and will be remove in the next version. Please use mlchain.client.HttpModel instead
[mlchain-logger]:[12] [2020-09-08 16:04:47 +0700]-[INFO]-[http_client.py:29]-Connected to server onmt-ocr.coreocr-dev: {'output': 'pong', 'time': 0.0, 'api_version': '0.1', 'mlchain_version': '0.1.4'}
[mlchain-logger]:[12] [2020-09-08 16:04:47 +0700]-[WARNING]-[__init__.py:32]-function .model is deprecated and will be remove in the next version
[mlchain-logger]:[12] [2020-09-08 16:04:47 +0700]-[INFO]-[http_client.py:29]-Connected to server onmt-ocr.coreocr-dev: {'output': 'pong', 'time': 0.0, 'api_version': '0.1', 'mlchain_version': '0.1.4'}
[mlchain-logger]:[12] [2020-09-08 16:04:47 +0700]-[WARNING]-[__init__.py:10]-mlchain.client.Client is deprecated and will be remove in the next version. Please use mlchain.client.HttpModel instead
[mlchain-logger]:[12] [2020-09-08 16:04:52 +0700]-[INFO]-[http_client.py:31]-Can't connect to server http://ocr.gotai.ml/ctc: timed out
[mlchain-logger]:[12] [2020-09-08 16:04:52 +0700]-[WARNING]-[__init__.py:32]-function .model is deprecated and will be remove in the next version
[mlchain-logger]:[12] [2020-09-08 16:04:57 +0700]-[INFO]-[http_client.py:31]-Can't connect to server http://ocr.gotai.ml/ctc: Expecting value: line 1 column 1 (char 0) [mlchain-logger]:[12]
[2020-09-08 16:04:57 +0700]-[WARNING]-[__init__.py:10]-mlchain.client.Client is deprecated and will be remove in the next version. Please use mlchain.client.HttpModel instead 
[mlchain-logger]:[12] [2020-09-08 16:05:02 +0700]-[INFO]-[http_client.py:31]-Can't connect to server http://ocr.gotai.ml/tess: Expecting value: line 1 column 1 (char 0) [mlchain-logger]:[12] [2020-09-08 16:05:02 +0700]-[WARNING]-[__init__.py:32]-function .model is deprecated and will be remove in the next version
[mlchain-logger]:[12] [2020-09-08 16:05:07 +0700]-[INFO]-[http_client.py:31]-Can't connect to server http://ocr.gotai.ml/tess: Expecting value: line 1 column 1 (char 0)
[mlchain-logger]:[12] [2020-09-08 16:05:07 +0700]-[WARNING]-[__init__.py:10]-mlchain.client.Client is deprecated and will be remove in the next version. Please use mlchain.client.HttpModel instead 
[mlchain-logger]:[12] [2020-09-08 16:05:12 +0700]-[INFO]-[http_client.py:31]-Can't connect to server http://ocr.gotai.ml/onmt_jp: Expecting value: line 1 column 1 (char 0) 
[mlchain-logger]:[12] [2020-09-08 16:05:12 +0700]-[WARNING]-[__init__.py:32]-function .model is deprecated and will be remove in the next version [mlchain-logger]:[12] 
[2020-09-08 16:05:17 +0700]-[INFO]-[http_client.py:31]-Can't connect to server http://ocr.gotai.ml/onmt_jp: timed out [mlchain-logger]:[12]
[2020-09-08 16:05:17 +0700]-[WARNING]-[__init__.py:10]-mlchain.client.Client is deprecated and will be remove in the next version. Please use mlchain.client.HttpModel instead [mlchain-logger]:[12]
[2020-09-08 16:05:22 +0700]-[INFO]-[http_client.py:31]-Can't connect to server http://kv.gotai.ml/vbpl: timed out [mlchain-logger]:[12]
[2020-09-08 16:05:22 +0700]-[WARNING]-[__init__.py:32]-function .model is deprecated and will be remove in the next version [mlchain-logger]:[12]
[2020-09-08 16:05:27 +0700]-[INFO]-[http_client.py:31]-Can't connect to server http://kv.gotai.ml/vbpl: Expecting value: line 1 column 1 (char 0) [mlchain-logger]:[12] 
[2020-09-08 16:05:27 +0700]-[WARNING]-[__init__.py:10]-mlchain.client.Client is deprecated and will be remove in the next version. Please use mlchain.client.HttpModel instead 
[mlchain-logger]:[12] [2020-09-08 16:05:32 +0700]-[INFO]-[http_client.py:31]-Can't connect to server http://kv.gotai.ml/dkkd: timed out [mlchain-logger]:[12]
[2020-09-08 16:05:32 +0700]-[WARNING]-[__init__.py:32]-function .model is deprecated and will be remove in the next version [mlchain-logger]:[12]
[2020-09-08 16:05:37 +0700]-[INFO]-[http_client.py:31]-Can't connect to server http://kv.gotai.ml/dkkd: timed out [mlchain-logger]:[12]
[2020-09-08 16:05:37 +0700]-[WARNING]-[__init__.py:10]-mlchain.client.Client is deprecated and will be remove in the next version. Please use mlchain.client.HttpModel instead [mlchain-logger]:[12]
[2020-09-08 16:05:42 +0700]-[INFO]-[http_client.py:31]-Can't connect to server http://kv.gotai.ml/bctc: Expecting value: line 1 column 1 (char 0) [mlchain-logger]:[12] 
[2020-09-08 16:05:42 +0700]-[WARNING]-[__init__.py:32]-function .model is deprecated and will be remove in the next version [mlchain-logger]:[12]
[2020-09-08 16:05:47 +0700]-[INFO]-[http_client.py:31]-Can't connect to server http://kv.gotai.ml/bctc: timed out [mlchain-logger]:[12]
[2020-09-08 16:05:47 +0700]-[WARNING]-[__init__.py:10]-mlchain.client.Client is deprecated and will be remove in the next version. Please use mlchain.client.HttpModel instead [mlchain-logger]:[12]
[2020-09-08 16:05:52 +0700]-[INFO]-[http_client.py:31]-Can't connect to server http://kv.gotai.ml/austdoor: timed out
[mlchain-logger]:[12] [2020-09-08 16:05:52 +0700]-[WARNING]-[__init__.py:32]-function .model is deprecated and will be remove in the next version [mlchain-logger]:[12] 
[2020-09-08 16:05:57 +0700]-[INFO]-[http_client.py:31]-Can't connect to server http://kv.gotai.ml/austdoor: Expecting value: line 1 column 1 (char 0)
[mlchain-logger]:[12] [2020-09-08 16:05:57 +0700]-[WARNING]-[__init__.py:10]-mlchain.client.Client is deprecated and will be remove in the next version. Please use mlchain.client.HttpModel instead
[mlchain-logger]:[12] [2020-09-08 16:05:57 +0700]-[INFO]-[http_client.py:31]-Can't connect to server None: [Errno -5] No address associated with hostname
[mlchain-logger]:[12] [2020-09-08 16:05:57 +0700]-[WARNING]-[__init__.py:32]-function .model is deprecated and will be remove in the next version
[mlchain-logger]:[12] [2020-09-08 16:05:57 +0700]-[INFO]-[http_client.py:31]-Can't connect to server None: [Errno -5] No address associated with hostname
[OCR-Controller]:[12] [2020-09-08 16:06:03 +0700]-[INFO]-[controller.py:84]-DEBUG: None
[OCR-Controller]:[12] [2020-09-08 16:06:03 +0700]-[INFO]-[controller.py:85]-Init OCRController sucessfully!
[2020-09-08 16:06:03 +0700] [12] [INFO] Started server process [12]
[2020-09-08 16:06:03 +0700] [12] [INFO] Waiting for application startup.
[2020-09-08 16:06:03 +0700] [12] [INFO] Application startup complete.